wellCome FWCPortal --------------------------------------
the server ip is :127.0.0.1
Cocos2d: (LuaScriptModule) Unable to execute scripted event handler:handler_name == NULL
  280
Cocos2d: .\Classes\cocos2dx_support\LuaEngineImpl.cpp sysPopMenufunc0.\FWCLevelScene.lua:34: attempt to call method 'removeFromParent' (a nil value)
  304
wellCome FWCPortal --------------------------------------
the server ip is :127.0.0.1
Cocos2d: (LuaScriptModule) Unable to execute scripted event handler:handler_name == NULL
  280
wellCome FWCPortal --------------------------------------
the server ip is :127.0.0.1
Cocos2d: (LuaScriptModule) Unable to execute scripted event handler:handler_name == NULL
  280
wellCome FWCPortal --------------------------------------
the server ip is :127.0.0.1
Cocos2d: (LuaScriptModule) Unable to execute scripted event handler:handler_name == NULL
  280
wellCome FWCPortal --------------------------------------
the server ip is :127.0.0.1
Cocos2d: (LuaScriptModule) Unable to execute scripted event handler:handler_name == NULL
  280
wellCome FWCPortal --------------------------------------
the server ip is :127.0.0.1
Cocos2d: (LuaScriptModule) Unable to execute scripted event handler:handler_name == NULL
  280
wellCome FWCPortal --------------------------------------
the server ip is :127.0.0.1
Cocos2d: (LuaScriptModule) Unable to execute scripted event handler:handler_name == NULL
  280
Cocos2d: (LuaScriptModule) Unable to execute scripted event handler:handler_name == NULL
  280
Cocos2d: (LuaScriptModule) Unable to execute scripted event handler:handler_name == NULL
  280
Cocos2d: (LuaScriptModule) Unable to execute scripted event handler:handler_name == NULL
  280
Cocos2d: (LuaScriptModule) Unable to execute scripted event handler:handler_name == NULL
  280
Cocos2d: (LuaScriptModule) Unable to execute scripted event handler:handler_name == NULL
  280
Cocos2d: (LuaScriptModule) Unable to execute scripted event handler:handler_name == NULL
  280
Cocos2d: (LuaScriptModule) Unable to execute scripted event handler:handler_name == NULL
  280
Cocos2d: (LuaScriptModule) Unable to execute scripted event handler:handler_name == NULL
  280
Cocos2d: (LuaScriptModule) Unable to execute scripted event handler:handler_name == NULL
  280
Cocos2d: (LuaScriptModule) Unable to execute scripted event handler:handler_name == NULL
  280
Cocos2d: (LuaScriptModule) Unable to execute scripted event handler:handler_name == NULL
  280
Cocos2d: (LuaScriptModule) Unable to execute scripted event handler:handler_name == NULL
  280
Cocos2d: (LuaScriptModule) Unable to execute scripted event handler:handler_name == NULL
  280
Cocos2d: (LuaScriptModule) Unable to execute scripted event handler:handler_name == NULL
  280
Cocos2d: (LuaScriptModule) Unable to execute scripted event handler:handler_name == NULL
  280
Cocos2d: (LuaScriptModule) Unable to execute scripted event handler:handler_name == NULL
  280
Cocos2d: (LuaScriptModule) Unable to execute scripted event handler:handler_name == NULL
  280
Cocos2d: (LuaScriptModule) Unable to execute scripted event handler:handler_name == NULL
  280
Cocos2d: (LuaScriptModule) Unable to execute scripted event handler:handler_name == NULL
  280
Cocos2d: (LuaScriptModule) Unable to execute scripted event handler:handler_name == NULL
  280
Cocos2d: (LuaScriptModule) Unable to execute scripted event handler:handler_name == NULL
  280
wellCome FWCPortal --------------------------------------
the server ip is :127.0.0.1
Cocos2d: (LuaScriptModule) Unable to execute scripted event handler:handler_name == NULL
  280
Cocos2d: (LuaScriptModule) Unable to execute scripted event handler:handler_name == NULL
  280
Cocos2d: (LuaScriptModule) Unable to execute scripted event handler:handler_name == NULL
  280
Cocos2d: (LuaScriptModule) Unable to execute scripted event handler:handler_name == NULL
  280
wellCome FWCPortal --------------------------------------
the server ip is :127.0.0.1
Cocos2d: (LuaScriptModule) Unable to execute scripted event handler:handler_name == NULL
  280
Cocos2d: (LuaScriptModule) Unable to execute scripted event handler:handler_name == NULL
  280
Cocos2d: (LuaScriptModule) Unable to execute scripted event handler:handler_name == NULL
  280
wellCome FWCPortal --------------------------------------
the server ip is :127.0.0.1
Cocos2d: (LuaScriptModule) Unable to execute scripted event handler:handler_name == NULL
  280
